[dotenv@17.2.0] injecting env (4) from .env (tip: ⚙️  override existing env vars with { override: true })
(node:47637) [MONGODB DRIVER] Warning: useNewUrlParser is a deprecated option: useNewUrlParser has no effect since Node.js Driver version 4.0.0 and will be removed in the next major version
(Use `node --trace-warnings ...` to show where the warning was created)
(node:47637) [MONGODB DRIVER] Warning: useUnifiedTopology is a deprecated option: useUnifiedTopology has no effect since Node.js Driver version 4.0.0 and will be removed in the next major version
{"level":"info","message":"Server running on port 3000","timestamp":"2025-08-01T11:01:57.066Z"}
{"level":"info","message":"MongoDB connected","timestamp":"2025-08-01T11:01:57.278Z"}
{"event":"QRGenerated","level":"info","message":"Scan this QR code with WhatsApp.","timestamp":"2025-08-01T11:02:03.682Z"}

🔐 WHATSAPP AUTHENTICATION REQUIRED
=====================================
Please scan the QR code below with your WhatsApp mobile app:
1. Open WhatsApp on your phone
2. Go to Settings > Linked Devices
3. Tap "Link a Device"
4. Scan the QR code below:

▄▄▄▄▄▄▄▄▄▄▄▄▄▄▄▄▄▄▄▄▄▄▄▄▄▄▄▄▄▄▄▄▄▄▄▄▄▄▄▄▄▄▄▄▄▄▄▄▄▄▄▄▄▄▄▄▄▄▄
█ ▄▄▄▄▄ █▀██▄ ██▄▄ █ ▄▀█▄▄▀ ▀▄ ▄ ▀▄ ▄▄▄▄▄ ▄▄ ██▄ ██ ▄▄▄▄▄ █
█ █   █ █▄▀██▄█▄▄▄██▀▄█▄█▄███▄ ▄██▀▀▀██▄█▄███▄▀▄ ██ █   █ █
█ █▄▄▄█ █ ▄██▄▄▄██▀▄▀█▄▀▀▄  ▄▄▄ ▄ █▀▀▄█ ▀▄▄ ██ ▀▄██ █▄▄▄█ █
█▄▄▄▄▄▄▄█ ▀▄█▄█ ▀ █▄▀ ▀ ▀▄█ █▄█ ▀▄█▄█ ▀ ▀ ▀ ▀ ▀ █ █▄▄▄▄▄▄▄█
█▄ ▀ ▀▀▄▄▀▄▄▄▀ ▀██▀▄███ ▄█▄   ▄▄██ ▄▄▄▄▄▄ ▄▄█▀███▄█▄▄▄▀▄ ▀█
█▀▄▀ ▀▄▄██  █▀▀█▀█▀▄▄▄  ▀▄▄  █  ▄▄█▄██ █▄ ▀█▀▄█  ██▄█▀▀█▀ █
█▀▀▄▀ ▀▄▄█▀ ▄ ▄█ ▀█▄ ▄ ▀███ ▄▄█▀█▄    ▀██  ▄▄▄█ ██▀▄█▄█▄▄▄█
█ ▄ ▀█ ▄██ ▄▄ ▀▄  ▀  ▀ ▄▀▄██ ▄ ▄▀  ▀▀█ ▀█▀██ ▀██▀ █▀ ▄▀▄▄▀█
█▀ ▀ ▀█▄ ▄█▄█ █▄█▄  █ ▄█ █ ▀   █▀▄ █ ▄▄▀▀▀▄▄▀ ▄▄ ▄█▀ ▀▄▀▄ █
███▄▀█ ▄▄▀ ▄ ▀▀▄ ▄▄▄ ▄▄ ██ █▄█ ▄█ ▄▀█▄█▀ █ ▀▄▀▄█  ▄▀▀▄█▄▄▄█
█ █▄█  ▄▄█▀▄  ███ █  █▄▄▄ ▄▀▄ ▄█▄███▀▄▀█ ▄▄▄▀▀█▄▀█ █  ▄▄▄▀█
█▀█▀ ▀▀▄▀▀▀ ▄▄▀ █  █▀ ▄▀▀▀▄██▀▄▄▀ █  ▄██ ▀▄▄▀▄▀ ▄▀▀█▀█▀▄▄▄█
█▀██▀ ▀▄▄▄▀█ ███▄▀▄▄██  ███  ▄██▄▀▀  ▄▀█▄ ██   ▀▄███▄ ▀▄▄██
███▄▀ ▄▄▄ ▀█   ▄ ▄▀▀▄▀█▄ █▄ ▄▄▄   ▄█ ▄█▄▄▄ ▄   █▀ ▄▄▄ ▄▄ ██
█▄▄█▄ █▄█ ▄▄▄▀█▄██▄██▀██ ▄▄ █▄█ █ ██▄ ▄▀▄████▄▄▄▀ █▄█ ▀▄▀ █
█ ▀█▀▄▄▄▄   ▀▀▄█ █▄▄▄█▀█▄▄▄▄   ▄▀▀▄█ █   ▄▄██▄█▀▀   ▄ ██  █
█▀▀█▀ ▄▄  ▀ █▄█ ▄▄█▄▄▄ ▄▄█▀▄ █▄▄▄█ ▄█ ██▄ ▄█▄▀██▄█▀▄█▄  ▄ █
█▄ ▄███▄█ ▄ █▀  ▄▄▀ ▀▀█▄█  ▀ ▀▀▄█▄▀▄▄ ▄ ▄ ▄ ▀██ ▀ ▀▄ ▀ ██ █
█▄▀  ▀█▄▄  ▀█ █▄   ▄▀    ▄█▄  ▀█ ▄▄  ▄ █  ██ ▄█ ███▀▄▀█▀█ █
███▄█  ▄▄▀▄▄▄ █▄ ▄▄ █  █▀▄ ▄ ▄▀ ▄█ ▄▄▀▄ ▄ ▀ ▀ ▀██ ▄█▀█▄█ ▄█
█ █▄▄█▀▄▄▀▄▄██▀▄██  ▀▀█▀ ▄ ▄▄▄█▄▄  █ ▄▀▀ █ ▄ ▄▄▄█▀▀▄▄███▄▄█
█▀▄▀ █▄▄▀█▀▄▄▄▄▄▀▄█▄█▄ █ ▄█ ██▄▄▀ ▀▄▀█▄▀██ █▄▀▄█▄  ▄▀ ▄▄▄ █
█ ▄▀██▀▄▄▀█  ▀▄ ██▄▄▄█ █▀█   ██▀▄▀██▀▄▀█▀▄ ▄▄█▄▄  ▀█ █ ▀ ▀█
█ ▀ ▀▀▄▄██ ▀▄▄ ▀▄█▀▄▀▀██▄▀██▀▀▄ ███ ███▀▀▄▄▀▀▄█▀▀▀▀ ▄▀▀█▀▄█
███████▄█ ▀ ▄ █ █ ▄▄▄█ ▄▄█▄ ▄▄▄ ▀▄█  ▄█▄  ██  ▄▀█ ▄▄▄ ▀████
█ ▄▄▄▄▄ █▄█▀▀█▄▄ ▄▄▄▄█ ▄██  █▄█ ▄█▀▀▄ ▄▄ █▄█▄ ▀█  █▄█ ██▄██
█ █   █ █▀█▄█ ▄▄█▀▄ ▀  ▀▀  ▄▄▄  █▄█▄ ▄   ██▄▄▄█▄█▄  ▄  ▀▀▀█
█ █▄▄▄█ █▀  ▄   ██▄▄▄▄█ █▀▀▀▄ █▀████▀▄ ██▀▄█▄▀▄ ▄  ▄█▄███▄█
█▄▄▄▄▄▄▄█▄███▄█▄▄█▄▄▄▄█▄██████▄▄▄▄███▄▄█▄▄██▄████▄█▄█▄▄▄▄██


⏳ Waiting for QR code scan...

{"event":"QRGenerated","level":"info","message":"Scan this QR code with WhatsApp.","timestamp":"2025-08-01T11:03:03.429Z"}

🔐 WHATSAPP AUTHENTICATION REQUIRED
=====================================
Please scan the QR code below with your WhatsApp mobile app:
1. Open WhatsApp on your phone
2. Go to Settings > Linked Devices
3. Tap "Link a Device"
4. Scan the QR code below:

▄▄▄▄▄▄▄▄▄▄▄▄▄▄▄▄▄▄▄▄▄▄▄▄▄▄▄▄▄▄▄▄▄▄▄▄▄▄▄▄▄▄▄▄▄▄▄▄▄▄▄▄▄▄▄▄▄▄▄
█ ▄▄▄▄▄ █▀▄  ▄█▄▄█▄▀ ▀  ▄ ▀▀ ▀▄   ▄▀   █▀▀▀▄▄▄▄▄ ██ ▄▄▄▄▄ █
█ █   █ █▀ ▄▄ ▀▄▄█ ▀██▄█  ▀█▄██ ▀█   ▀▀▄▄█ ▀▄▄ ▄ ██ █   █ █
█ █▄▄▄█ █▀▀█▄▀▀▀▄█▀ ▄ █▀▀ █ ▄▄▄ █▄▄▀▄▀ █ ▀▄▄▄▀▀▀▄██ █▄▄▄█ █
█▄▄▄▄▄▄▄█▄█▄█ █ ▀▄▀ ▀ ▀▄█ █ █▄█ ▀▄█ ▀▄▀ ▀▄█▄▀ ▀▄▀▄█▄▄▄▄▄▄▄█
█ ▄  ▄█▄▄▄▄█▀█▄▀▄▄▄ ▀█▄▀▀▀▄     ▀█▀█▀  ▄█▀▀ ▀▀▄▄▀  █▄▀▄▀▄▀█
██▀▄▀▀█▄▄▄ █  ▄  █▀ ▀▀▀ ▀ ▀██▀ ▄▀▀▄▄█▀▀▄█ █▀▄▀▄▄▄▄▀ ▀ ▀▀▄██
██▀▄███▄ ▀▀▄ ▄▄▄▀▄▀  █▀▄▀▀█  ▀▀███▄█▄▄█▄▄█ ▀▄█▄▄  ▀██▀█▄▄██
█▀█▄█▄█▄▀█▀█▀▄█▄▀▀█ ▄▀▀▀▄ ▀█▀██ █ ▀▄▄▀ ▄▄▄█  ███  ▀▀ ▄▀▀ ▀█
██▀ ▀▀█▄█▀▄▄█▄ ▀█▄ ▄ ▄▀▀▄▀█▄▀ ▀▀▄▀ █ ▄▀█▀▀█ ▄███   ▄▀▀██▀██
█▄ ▄█▄▄▄▄ ▀▀▄█▀█▀▄   ▀██ ▀ ▄█ ▄▀▀██▄██▄ ▄▄▄█▄██▀▄▄▄  ▀▀ ▄▀█
█ ▀▄▄▄█▄ █ █ ▀▀█▄▀ ▄▄███▀▄ ▀█▀▀▀ ▀▄▄▄▄████▀  ▀▄█▄▀▀█▀▀▀ ▀▀█
██ ▄▀▄█▄▄▄▄▄▀▀▄█▄  ▀▄██▀▀█▀ ▄▀▄ ██▄ ▀     ▄ █   ▄███ ▀▀ ▀▀█
███▄ █▄▄▀ ▀▀█ █▀█▄  █▄▀█▀▀▀▀▀▀▀▀▄  █▄ ▀▄██▀▀ ▀▀▄ ▀█▄█▀█ ▄▄█
█▀▀▄  ▄▄▄ ▄▀▄▄▄▀▀█▄█ ▀▄██▀▀ ▄▄▄ ▄ █▄█ █ ███▄▄ ▀▄█ ▄▄▄ ▀ ▄██
█ ▀█  █▄█ ▄ ▄█▀█▄█▄▀ ▄▄█  █ █▄█  █▄▄▄▄▀████▀ ▀▄▄▀ █▄█ █ ▄██
█▀▀▀▀ ▄▄  ▀███▄▄▀ ██▄▄    ▄▄ ▄▄ ▀ █▀▄█▄▀█▀█▀██ ██▄   ▄   ▀█
██▀▀ ▀▀▄▀█ ▀  ▀ █▄  ▀▄▀█ ▀█▄▄▄▀  █▀█ ▄▄███▀  █▀▄█▄█▄▄▄▄▄▄▄█
███▀ ██▄▄ █ ████ ▀▀▄▄█▄▄ ██▄▄█▀  █ ▄ ▄ ▄ ▀▄██▀█ ▀▄▄▀ ▀ ▀▄▀█
█▀ ▀▀▄▀▄▄▀▀▄▀███▀█▄ ▀▀▀█▄ ██▀█▀▀▄███▄  ▄▀▀▀▀██▄█▀▀█ █▄▀█▄ █
█▀▀▄▄▀█▄ ▀▄▀▄  ▀▀█▀▄▀ ▀▄▄ ▄▄▀█  ▀▄▀█▀█  ▄▀▄▄█  ▄ ▄ █ ▄▀▀▄▄█
█▄ ▀██▄▄▀▄ ▄▀▄  ▄█ ▄▄▄▄▀  █▀█▄█ ▀█▀█  ▄▄▀█  █▀█▄██▀▄███▀▀▀█
██▄ ▀▀▀▄▀▄▄█▄█▀▀ ▀▀ ██▀ ▄ ▀▀▄   ▀▀▄██▀ ▄▄  █▄ ▀ ▄▄▄▀ █ ▀▄▀█
█▄ ▀▀  ▄ ▄▄▄███ ▄▄▀  █▀▄▄▀▄▀▀▄ █ ▀█▄▄ ▀▄ █▄▀ ██▄▀▀▀▀▄██▄▄▀█
█ ▀ ▀▀▄▄▀█▀▀▄ █▄██  ▄▄▀█▄█ ▀ ▀▄▄  ▄ ▀███▄ █▀ ▀▀ ██ ▀█▄▀ ▄▀█
███████▄▄  █ ▄█▀▀▄▄ ▀██▀█▀▄ ▄▄▄ ▀█▄█▄▄ ▄▄█  ▄▀███ ▄▄▄ ▄ █▄█
█ ▄▄▄▄▄ █▄▄ ▄▀ ▄▄ ▀  █▀██▀▄ █▄█  █   ▄▀▄▀█ ▀▀ ▀█▀ █▄█  ▀ ▀█
█ █   █ █ ▄▄▀█▀▀▄▀▄▄▄█▀▀▀▄█ ▄▄ ▄▄█▄▄▄▄███▀█  █▄▄█ ▄▄   ██▄█
█ █▄▄▄█ █ █▀  ▀▀▄   ▄█▄█▀█▀ ▀▀▀█▄█▄ █▀ ▄▄▄ ▀█▀██ ▄ ███▀▀███
█▄▄▄▄▄▄▄█▄▄█▄██▄█▄█▄▄▄▄█▄███▄▄█▄▄▄▄▄▄▄▄███▄█▄█▄▄▄▄█▄▄▄█▄▄██


⏳ Waiting for QR code scan...

{"event":"QRGenerated","level":"info","message":"Scan this QR code with WhatsApp.","timestamp":"2025-08-01T11:03:23.435Z"}

🔐 WHATSAPP AUTHENTICATION REQUIRED
=====================================
Please scan the QR code below with your WhatsApp mobile app:
1. Open WhatsApp on your phone
2. Go to Settings > Linked Devices
3. Tap "Link a Device"
4. Scan the QR code below:

▄▄▄▄▄▄▄▄▄▄▄▄▄▄▄▄▄▄▄▄▄▄▄▄▄▄▄▄▄▄▄▄▄▄▄▄▄▄▄▄▄▄▄▄▄▄▄▄▄▄▄▄▄▄▄▄▄▄▄
█ ▄▄▄▄▄ █▄  ▄ ▄▀▀█▀█▄██  ▄▀█▄▀ ▄ ▄██▀█ ██▄  ▀▀ ▄ ██ ▄▄▄▄▄ █
█ █   █ █ ▀█ ▀ ▄██  ▄██▄ ▀ ██▄█▀▀▄▀▀   ▄▄█   █▀▄ ██ █   █ █
█ █▄▄▄█ █▄▄▀▀▀█ ▀▀ █ ▀ █ █▀ ▄▄▄ ▀█▀█▀▀▄▄▄ █▀█ ▄▀▄██ █▄▄▄█ █
█▄▄▄▄▄▄▄█▄▀▄▀ █▄█▄█▄▀▄█▄▀▄█ █▄█ ▀ ▀ █ ▀▄█▄▀ ▀▄█▄█ █▄▄▄▄▄▄▄█
█ ▄  ██▄▀▄ █▀▄█▀██▄▀ ██ ▀ █      █ ▄▀▀▀▄▄ ▀▀ ▀██▄  ██ ▄ █ █
█ ██▄██▄█▄▄ █▀ ▀█▀ ██ ▄▄ █▀█ ▀▀▀█ █▄▄▄▀▀ ▄    ▀ █ █ ▄▄ ▄ ▄█
█▀▀ ▄█▀▄▀█▀█▄ ▄ █▄█▄ ▀█▄███▄▀██▀█▀██  ▀▀ █▄█▄▀█▄█▄▀▀ ▀█▄▄▀█
█ ▀▀▀██▄▀█ ▄▀█▄▄  ███▀▀▄▄▀ █▀▄▀▀▄  ▀▄ ████ ▄██▄█▄▄ ▀▀█▀ ▀▀█
██▄ ██▄▄▀ ▀ ▄▀▄  ▀ ▀██▀█▀▄▀█▄▄ █  ▄▀▀▀█▄▄█▀█    ▀█▄█▄█▄ ▀ █
█▄▄ █ ▄▄▄▄█▀ ▀▀▀▄ ▄▄ ▀▀█▄█  ▀ ▀██▀▀▄▀▀▄█ ▀ ▀▄▀     ▄▄▀█▄ ▀█
██▄▄█▄▄▄▀█▀▄ ▀ ██  ███▄▄▀█▀▀▄ ▀ ▀███▄█▄█  ▀▀▀██▄▄ ▀▄  ▀▀▀▀█
█ ▄█▄▄▄▄▄▀    ▀▄▀▄▀▄ ▄ █  █▀▀███ ▄▀▄▀█▄▀████▀▀█▄█ █ █▀ ██ █
█▀█ ▄██▄█ ▀▀▀ ▄▄▀▄▄▄█ ███████▀██▄▄▄█ ▄▀ ▀███ ██▄▀█  ▀▀▀▄▄ █
█  ▄▀ ▄▄▄ ▀██▄▄▄ ▄▄▄▀▀█▄█ ▀ ▄▄▄ █  ██▀ ▄▄▄▀▀█  ██ ▄▄▄ █▀███
███   █▄█ █▀█  █▀▀█▄▄█▀▀▀██ █▄█ ▄▄ ▀█▀▄█ ▀▄█▄ ▄▀  █▄█  ▄ ▄█
█ ▄ █▄ ▄  ██▀▀▄ █ ▄▄▄ ██▄▄▄ ▄▄ ▄▀▄ ▀ ▀█▄▀███▀██ ▀ ▄▄  █▄ ██
█▄█▀  ▀▄ █▀  ▀  ▄█ ▀█▄ ▄  ▄▄██▀▀▀█ ▄▀█ ▄▄ ▀▀▄██▄▀▀▄▄▀████ █
█▄   ▀▄▄   ▄▄ ▀▄▄▀ ▀ ▄▀ ▀█▀█▀  █▄▄█ ▄ ▄▄  ▄  ▄ █ ▀  ▄█▀▄▄ █
█ ▀██▄█▄▄██▄▀▄█▀██ ▄▀███ ▄█▀██▄ ▄▀▀█ ▄  █▀██ ▀ ████▄▀▄█▀▄▄█
█  ▄█ █▄▀▀▄▀▀ ▀  ▄▀█   █▄▀█▄ ▄ ▀▀█ ▄▀▄▀ ▄▀▄█▄ ▀█ █▀█▀█▀ █▄█
█▀▄  ▄ ▄██▀█▀ ▄▄▀▀▀▀ █▀█▀█▀   ▄██▄▄▀▀█ █▄▀▀█▀   ▄  ▄ ▀▄ █ █
█▀▄▄█ ▄▄▀ █▄▀█ ▀▄▀█▄█▀█  ▄██  ▄▄▀█ ▀▀█▄▄  ▄▀▄▄▀▄▄ ▀█▄█▄█▄██
██▀  ▄▀▄ ▀ ▄█▄▄▀██▀▀▀█ █▄ █  █ ▄▀▀█▄▄▀▀▄▀▄▄ ▀█▄▄█▄▀ ██▀▀█▀█
█ ▀ ▀▀▄▄▀█▄███▀█ ▀██ ██▄█ ▄████▀▄▀▀█▄  ██▄█ ▄ ▀▀ ▄  ▄▄ █  █
███████▄█ ▄█▄ ███▄  ▄ ██▄█▄ ▄▄▄ ▀▀ █ ▄▀▀▀▀▄██▀ ██ ▄▄▄ ▀▄█▄█
█ ▄▄▄▄▄ ███▀▄ ▀▄█▄▀▀ ▄ ▄▄▄█ █▄█ ▀▀▀▀▀▄▀█▀ ▀▀ ▀ ▄▄ █▄█    ▀█
█ █   █ █▀▀  ▀█ ▀██▀ ▄▄█ ▀▀     █ ▀  █▀▄▄▀▄██ ▀ ▄▄ ▄▄ ▀ ▀▄█
█ █▄▄▄█ █ ▀▀  ▄▄  ▄▄▄▀ ██▀▀▄█▀█▀█   ▀█  ▀█▄█▄▄▀█▄  ▀▀▀███▀█
█▄▄▄▄▄▄▄█▄█▄▄█▄▄▄████▄█▄▄▄▄█▄▄███▄██▄███▄▄▄▄████▄█▄▄▄▄█████


⏳ Waiting for QR code scan...

{"event":"QRGenerated","level":"info","message":"Scan this QR code with WhatsApp.","timestamp":"2025-08-01T11:03:43.440Z"}

🔐 WHATSAPP AUTHENTICATION REQUIRED
=====================================
Please scan the QR code below with your WhatsApp mobile app:
1. Open WhatsApp on your phone
2. Go to Settings > Linked Devices
3. Tap "Link a Device"
4. Scan the QR code below:

▄▄▄▄▄▄▄▄▄▄▄▄▄▄▄▄▄▄▄▄▄▄▄▄▄▄▄▄▄▄▄▄▄▄▄▄▄▄▄▄▄▄▄▄▄▄▄▄▄▄▄▄▄▄▄▄▄▄▄
█ ▄▄▄▄▄ █ ▀  ▄ ▀ ██ ▀▄▄ █▄▄▄█▀▄ ██▄█▄█▀▄ ▀ ▄█ ▀▄ ██ ▄▄▄▄▄ █
█ █   █ █  ▀█▀▀▄█ █▄█▄▄ ▄█▀█▄  █▀▄ ██▄▀▄ ▀█▄ █ ▄ ██ █   █ █
█ █▄▄▄█ █▀ ███▄▄▀█▀ ▀█ ▀▀   ▄▄▄ ▀▀▀▀▄ █  █▄▄ █▄▀▄██ █▄▄▄█ █
█▄▄▄▄▄▄▄█▄█ █▄█ ▀ █▄▀ ▀ ▀▄█ █▄█ ▀▄█▄█ ▀ ▀ ▀ ▀ ▀ █ █▄▄▄▄▄▄▄█
█  ██  ▄▀▀ █▄█▀▄▀▄▄ ▄ ▀▀▀▀▀▄▄   ▄ ▄█▀ █▀ ▀▀ ▄▄▀▄  ▀▀ █▄  ▄█
█ ▀▄▀▄▀▄██  █▀▄   ▄█▀▀▀█▄█ ▄▀ █▀▀▀▄▀ ▄▀ ██▄▄▄▀ █ ▀  ▀ ▄▄▄██
██▄▄▀██▄█▀ ▀ ▄▀▀▄▄▀ █ ▄▄▀▀ █▄█▀█  █▄▄▄█▀▀█  ▀ ▀▄  ▄  ██▄▀ █
██ ▄█▀ ▄ █▀ ▄▀█▄▀▄  ▄▀▀▄▀█▀█ ▀▄▀█ ▀█▀ ▄  ▀ █ ▀▄▀▄█▀▀▀ ▄█ ▀█
█▀ ▀▀▀█▄ ▄▀▄█▄█▄▄▄▀▄█ ▄█▄▀ ▀▄ █ ▀▄▄█▄ █  ▀ ▀▀ ██  █▀▄▀██▄▄█
███▀█▀█▄▄ ▀▄▀ ▀██ █████    ▄██▀▄▀▀█▀█▀█▀▄▄ ▀ ▀██▀▀ ▄ ▄▄█▀██
█ █▀▀▀▀▄█ ██▀█▄ ▀▀ ▄▀  █▀▄█▄ ▀▀▀▀▄▀▄ ▄  ▄█▀ █ ▀█▄▀▄ ▄▀▀ █▄█
█  ▄▀▀█▄ ▄ ▄█ █▀▄██▄▄██▄▄ ▀ ▄▄▀█▄█▄██▄   █▀█▄▀ █▀ █▄▄▄▄█▀▀█
██ ▀█▄ ▄ ▀▀▄▄ ▀▄ ▄   ▀▄█▀▀▄ ▄▀▀▀▀███▄ ▄▀ █▀▀█▄▄▄  █▀▀██ ▀▀█
█▄▀▄  ▄▄▄ █ ▀▀▀ ▀ ▀  ▀▄  ▄  ▄▄▄ ▄ █▀ ██▄█ ▄█▄ ▀▀  ▄▄▄ ▄█▄██
█ ▄▀▄ █▄█ ▀█▄█▄ ▀█▄▀█▀▀█  ▄ █▄█ █  █▄▄   █ ▀█▄▀▄▄ █▄█ ██▀ █
█ ▀█ ▄▄▄  ▀   ▄▄▀█▀█▄▄▄▀███    ▄▀ ▄█▀ ▄▄█▄ ▀▀▀█ █    ▄█▄ ▀█
█▀▄█▄▀▀▄▀▄█▀  ▄█ ▄▄ ▀▀▄▀▀  ▀ █▀ █ ▄█  █ ▄██▀▄▄ ▄▀  ▀▄▄▄████
█ ▄▀▀  ▄▄▄██  ██▀ ▄▀▀█▄▀ ██▄▀ ▄█ ▀ ▀▀▀▀▄ █▀ █▄▄▄▄▀▄▀▀ █▄███
█▄ ▄▄▄▀▄▀▄▄▄▄▀  ▄█▄ ▄▄▄█▄   ▄█▀▀▄  █ ▄█▀ █▀▀▀▄▀█▀▀ █ ▄▀█▀██
█▄▀▄▄▄ ▄ ▀ ▀▄▄▄▀▀ ▄▀▀ ▀▀▀█▄▄▀ ██ ▄▀ █▀  ▄▄▀▀█▀ ▀█▀ █ ▀▄▄▄▄█
█▄█▄ ▀ ▄▄▀ ▄▄ █ ▀█ ▄▀▀▀▀   ▄ ▄█ ▄ ▄█  ▀▀▄█   ▄ ▄███  █▀▀▄▄█
█ ▄ ▀▀▀▄▀▄█▄█  ▀ ▄▄███▀█▀█▀▀▄███▀▀ ▄ ▄▄ ▄█▀ ▄ ▀▀▀▀ ▀  ██▄▀█
█▄█▀▀▀▀▄██ ███▀▄▀▄▀ █ ▄▄▄▀ ▄▄▄ ██▄▀▄▄ █ ██ ▀█ ▀▄█▄ █ █  ▀▄█
█ ▀ ▀▀▄▄██▀▄▀██▄█  ▄▄▄ ▄▀ ▀  ▄▀▀  ▄▄▄ ██ █ █▄▀█ ▄  ▀▄▀█▄▄▀█
███████▄█▀██ ▄ ▄▄▄▄ █▀█▀ ▀▀ ▄▄▄ ▄ ▀█▀ ▀  █    ▄▄█ ▄▄▄ █▀ ██
█ ▄▄▄▄▄ █▀▄█▀▄ ▄▀▄▄█  ▀ ▄█▄ █▄█ ▄█ █ █ ▄▀▄███ ▀▀  █▄█ █▄▄▀█
█ █   █ █▄▀▄▀█▄▄▀▀▄▄▀ ▄▀▀▄ ▄▄  ▄▀▄▀▄    ▄▀█ █▄▀▄█   ▄  █▀▀█
█ █▄▄▄█ █▀▀ ▀▀█▀▄███▄█▄ ▄ ▀ █ ▄ █▄▄█▀▄ ▄▄ █▄▄▀█ █▀ ██ ▄▄███
█▄▄▄▄▄▄▄█▄▄███▄█▄▄█▄████▄█▄▄▄██▄███▄▄▄█▄▄█▄██▄█▄▄▄▄█▄██▄█▄█


⏳ Waiting for QR code scan...

{"event":"QRGenerated","level":"info","message":"Scan this QR code with WhatsApp.","timestamp":"2025-08-01T11:04:03.444Z"}

🔐 WHATSAPP AUTHENTICATION REQUIRED
=====================================
Please scan the QR code below with your WhatsApp mobile app:
1. Open WhatsApp on your phone
2. Go to Settings > Linked Devices
3. Tap "Link a Device"
4. Scan the QR code below:

▄▄▄▄▄▄▄▄▄▄▄▄▄▄▄▄▄▄▄▄▄▄▄▄▄▄▄▄▄▄▄▄▄▄▄▄▄▄▄▄▄▄▄▄▄▄▄▄▄▄▄▄▄▄▄▄▄▄▄
█ ▄▄▄▄▄ █▀▄  ▄█▄▀▀▄▀██ ▀  ▀▀ ▀▄   ▀▀▄ ▄▀ ▄▄▄▄▀▄▄ ██ ▄▄▄▄▄ █
█ █   █ █▀ ▄ ▄▀▄██ ▀██▄█▀▀▀█▄██ ▀▄  ▀▀▀▄▄█ ▀▀█ ▄ ██ █   █ █
█ █▄▄▄█ █▀███▄▀▀▄█▀ ▄ █▀▀ █ ▄▄▄ ▄ ▄▀██ █▄▄▄▄▄▀▀▀▄██ █▄▄▄█ █
█▄▄▄▄▄▄▄█▄▀ █ █ ▀▄▀ ▀ ▀▄█ █ █▄█ ▀▄█ ▀▄▀ ▀▄█▄▀ ▀▄▀▄█▄▄▄▄▄▄▄█
█ ▄  ▄▀▄▄ ▀ █▄▄▀▄▄▄ ▀█▄▀▀▀▄     ▀█▀█▀  ▄█▀▀ ▀▀▄▄   █ █▄▀▄▀█
██▀▄▀▀█▄█ ▄▀█▄▄  █▀ ▀▀▀ ▀  █▀▀ ▄▀▀  █▀▀ █ █▀▄▀  ▄▄  █▀▀▀▄██
██▀▀▀██▄▀█▀▀ ▄▄▄▀▄▀  █▀▄▀▀█ ▀▀▀█████▄▄▀█▄█  ▄█▄█▀▀▀██▀█ ▄██
██ ▄█▄█▄ ▄▀█▀▄█▄▀▀▀▄▄▀▄▄▄ ▀█ █▀ █  ▄▄█▀█▄ ▀▀ █ ▄▀▀▀▀ ▄   ▀█
█▄▀ █▀█▄█▀▄▄█▄ ▀▀▄▄▄ ██▀▀ █▄▀  ▀▄▀▀▄ ▄ ▄██ ▀ █▄▄   ▄▀▀███▀█
█▀▄ █▄▄▄▄ ▀▀▄█▀█▄█   ▄██▀▀ ▄█ ▄▀███▄█▄█ ▀▀█▄  █▀▄▄▄▄ ▀▀  ██
█  ▄▄▄█▄ █ ██▀▀█▄▀ ▄▄███▀▄ ▀█▀▀▀▄█▄▄  ██▀█▀ █▀▄█▄▀▀█▀▀▀ ▀ █
██ ▄▀▀▄▄  ▄ ▄▀  ▄  ▀▄██▀▀█▀ ▄▀▄ ▄▄▄  ▀  ▀▀▄ █   ▄█▀█ █▀ ▀▀█
███▄ ██▄▀▄▀██▀ ██▄  █▄▀█▀▀▀█▀▀▀▀▄  █▄ ▀▄██▀▀ ▀▀▄▄▀ ██▀█ ▄▄█
█▀▀▄  ▄▄▄  ▄▀▄█▄▀█▄█ ▀▄██▀▀ ▄▄▄ ▄ ▀ █ ▀ ██▀▄▄ █ ▀ ▄▄▄ ▀ ▄██
█ ▀▄█ █▄█  ▀▄█▀▀▄█▄▀ ▄▄█  ▀ █▄█  █ █▄▄ ███ ▀ ▀█▄▄ █▄█  █▄██
██▄█▀  ▄▄▄▀███▄▄▀ ▀▀▄▄ █  █  ▄▄ ▀ █  █ ▄▀▀  ██ █   ▄▄▄▄  ▀█
█ █▄▀▀▀▄▀█ ▀  ▀ █▄▄▄▀███▀ █▄█▄▀  █▀█▄▄▀█▀█▄▀ █ ████▄▄█▄█▄▄█
█▀▄█▄██▄█ █ █████ ▀▄▄▀▄▄███▄█▀▀ ▄▀ ▄█▀▀█▄ ▄█ ██ ▀▄▄▀▄█ ▀ ▀█
███▀▀▄▀▄▄▀▀▄▄▀██▀█▄ ▀▀▀█▄ ██▀█▀▄ ▀██ ▄ ▄▄▀▀▀ ▀▄█▀▀█ █▄▀█▄▀█
█▀▀▄▄▀█▄ ▀▄▄ █▄▄▀█▀▄▀ ▀▄▄ ▄▄▀█   █▀█▀▄  ▄ ▄▄▄  ▄ ▄ █ ▄▀▀▄▄█
█▄ ▀█▀▄▄▀▄▀█▀ ▄▄▄█ ▄▄▄▄▀  █▀█▄█ ▀█▀█  ▄▄▀█  █▀█▄██▀▀███▀▀▀█
██▄ ▀█ ▄▀▄█▄▄▀▄▄ ▀▀ ██▀ ▄ █▀▄   ▀▀▄██▀▄▄▄ ▄▀▄ █ ▄█▄█ █  ▄▀█
█▄ ▀▄██▄▄█████ ▄▄▄▀  █▀▄▄▀█▀▀▄ █ ▀▀█▄  ▄ █ ▀ █ █▀▄▄████ ▄▀█
█ ▀ ▀▀▄▄ ▀▀▀▄ █▄████▄▄▄█▄█▀  ▀▄▄  █ ▀█▄ ▄▄ ▀ ██▄▀█ █ ▀ ▀▄▀█
███████▄█▀ █ ▄█▀▄▄▀▄▀█▀▀ ▀▄ ▄▄▄ ▀█▄█ ▄▄▄▀▀ ▀ ██▄▀ ▄▄▄ █▀▀▄█
█ ▄▄▄▄▄ █▄▄ ▄▀ ▄▄▄▀ █ ▀██ ▄ █▄█ ▄▀     ▄▀▀  ▄█▀█▄ █▄█  ▀▄▀█
█ █   █ █ ▄▄▄▀▀▀▄▀▄▄▄█▀▀▀▄█  ▄ ▄ █▄▄  ██ ██ ▄█▄▄▄ ▄▄   █▄██
█ █▄▄▄█ █  ▄▀▄  ▄   ▄█▄█▀█▀ ██▀███▄ █  ▄▄▄ ▀█ ██ ▄ ███▀▀███
█▄▄▄▄▄▄▄█▄▄█▄████▄█▄▄▄▄█▄███▄▄█▄▄▄▄▄▄▄▄███▄█▄█▄▄▄▄█▄█▄█▄▄██


⏳ Waiting for QR code scan...

{"event":"QRGenerated","level":"info","message":"Scan this QR code with WhatsApp.","timestamp":"2025-08-01T11:04:23.450Z"}

🔐 WHATSAPP AUTHENTICATION REQUIRED
=====================================
Please scan the QR code below with your WhatsApp mobile app:
1. Open WhatsApp on your phone
2. Go to Settings > Linked Devices
3. Tap "Link a Device"
4. Scan the QR code below:

▄▄▄▄▄▄▄▄▄▄▄▄▄▄▄▄▄▄▄▄▄▄▄▄▄▄▄▄▄▄▄▄▄▄▄▄▄▄▄▄▄▄▄▄▄▄▄▄▄▄▄▄▄▄▄▄▄▄▄
█ ▄▄▄▄▄ █▀██▄ ▄█▄  ██  ▄ ▄▀ ▀▄ ▄ ▀  ▄  ▄▀██ ▀██▄ ██ ▄▄▄▄▄ █
█ █   █ █▄▀█▀▄█▄▄███ ▄█▄▄████▄ ▄▀▄▀▀▄██▄▄▄████▀▄ ██ █   █ █
█ █▄▄▄█ █  ▀▄ ▄▄██▀▄▀█▄▀▀▄  ▄▄▄ ▀▄█▀ ▄█ ▄▄▄ ▄▄ ▀▄██ █▄▄▄█ █
█▄▄▄▄▄▄▄█ █▄█▄█ ▀ █▄▀ ▀ ▀▄█ █▄█ ▀▄█▄█ ▀ ▀ ▀ ▀ ▀ █ █▄▄▄▄▄▄▄█
█▄ ▀ █▀▄ █ ▄ █ ▀██▀▄███ ▄█▄▄  ▄▄██ ▄▄▄▄▄▄ ▄▄█▀██▄▄█▄▄ ▀▄ ▀█
█▀▄▀  ▄▄  █▀▄▀▀█▀█▀▄▄▄  ▀▄▄▀ ▀  ▄▄█▄██▄▀▄ ▀▀▀▄█▄█ ▄█▄█▀█▀ █
█▀▀▀▄ ▀▄ █▀▄▄ ▄█ ▀█▄ ▄ ▀██▄▀ ▄█▀█▄▄▀  ▀▄█ █▄▄▄▄ ▄█▀▄ ▄█▄▄▄█
█▀█▀ █ ▄██ ▄▄ ▀▄  ▀▄ ▀▀▄▀▄██ █▄ ▀ ▀▄▀▀▄▄█▀▀▄▄▀▀█ ▀█▀ ▄▄▄▄▀█
█▀█▄▀▀█▄ ▄█▄█ █▄█▄ ▄▄  █▀█ ▀  ▄█▀▄ █ ▄▄▀▄█▀█  █▄ ▄█▀ ▀█▀▄ █
█▀▄ █▀ ▄▄▀ ▄ ▀▀▄  ▄▄▄▄▄ █  █▄█ █▀ ▄▀▀ ▄ ▀▀  ▄▀█▄  ▄█▀▄█▄ ▄█
█▄█▄█  ▄▄█▀▄  ███ █  █▄▄▄ ▄▀▄ ▄█ ███▀ ▀█ ▄▄▄▄▀█▄▀█▀█  ▄▄█▀█
█▀█▀ ██▄▀▀█▀█▀▀▀█  █▀ ▄▀▀▀▄██▀▄▄  █ ▀▄██ ▀▄▄ █▀ ▄▀████▀▄▄▄█
█▀██▀ ▀▄▀ ▀  █▀█▄▀▄▄██  ███  ▄██▄▀▀  ▄▀█▄ ██   ▀██ ▄  ▀▄▄██
███▄▀ ▄▄▄ ▄ █▄▄  ▄▀▀▄▀█▄ █  ▄▄▄   ▄█ ▄█▄▄▄    ▄▀  ▄▄▄  ▄ ██
█▄▄██ █▄█ █▀▄▀ ▀██▄██▀██ ▄▄ █▄█ █ ██▄ █▀▄█ ▄█▄█▄▀ █▄█ ▄▀▀ █
█ ██▄ ▄▄ ▄  ▀▀▄█ █▀▀▄█▀█▄▄▄▄   ▄▀▀▄▄ ██ ▄▄  █ ▀█▀   ▄▄▄█  █
██▄▄▄ ▄▄▀▄▀ █▄█ ███  ▄ ▄▄▄▀▄██▄▄▄█ ▄█ █▄▀▄▄█▄███ █▀▄ █  ▄ █
█▀█  ██▄▄▄▄ █▀  ▄ ▀ ▄▀█▄▀▄ ▀▄█▀▄█▄▀▄▀██ █ █   █   ▀▄▀▄ █  █
██▀  ▀█▄▄  ▀▄▄█▄   ▄▀    ▄█▄  ▀██ ▄ ▄▄ ██▄██  █ ███▀▄▀█▀█▀█
███▄█  ▄▄▀ █ █▀  ▄▄ █  █▀▄ ▄ ▄▄ ▄█ ▄█ ▄ █▀▀  ▀▀██ ▄█▀█▄█ ▄█
█ █▄▄▄█▄▄▀▄▀ ▀▄ ██  ▀▀█▀ ▄ ▄▄▄█▄▄  █ ▄▀▀ █ ▄ ▄▄▄█▀▀ ▄███▄▄█
█▀▄▀ ▄█▄▀█ █ ▄█▄▀▄█▄█▄ █ ▄█ ██▄▄▀ █ ▀█ ███ █▄▀ ▀▄▀▄▄▀ ▄█▄ █
█ ▄█ █▀▄█ ▄▄ ▀ ███▄▄▄█ █▀█   ██▀▄▀█▄▀▄██▀▄▀█▄█▄█▄▄███▄█▀ ▀█
█ ▀ ▀▀▄▄▀▄ ▀▄▄ ▀▄██▀▀▀█▄▄▀█▀▀▀▄ ██▄ █▀▀▀▀  ▀█▄█▄▄▀█  ▄█▄▀▄█
███████▄▄▀▀ ▄ █ █ ▄  █ ▄ █▄ ▄▄▄ ▀▄█    ▄▄▄█▄▄▄▄▀▀ ▄▄▄  █▀██
█ ▄▄▄▄▄ █▄█▀▀█▄▄▄█▄▄█▀ ▄▄   █▄█  ▀▀▀█▄▄▄  ▄▄█▀ █▀ █▄█ ██ ▀█
█ █   █ █▀█▄▄ ▄▄█▀▄ ▀  ▀▀  ▄ ▄  ▀ █▄     ██▄▀▄█▄▄▄  ▄  ▀ ▀█
█ █▄▄▄█ █▀█▀▄   ██▄▄▄▄█ █▀▀▀  █▀████▀▄ ██ ▄██▀▄ ▄  ▄ ▄███▄█
█▄▄▄▄▄▄▄█▄██▄███▄█▄▄▄▄█▄█████▄▄▄▄▄███▄▄█▄▄██▄████▄█▄▄▄▄▄▄██


⏳ Waiting for QR code scan...

